2026-07-06 18:09:37 | INFO | M02 | === RUN START ===
2026-07-06 18:09:37 | INFO | M02 | project=M02
2026-07-06 18:09:37 | INFO | M02 | repo_dir=ml-02-features
2026-07-06 18:09:37 | INFO | M02 | python=3.14.2
2026-07-06 18:09:37 | INFO | M02 | os=Windows 11
2026-07-06 18:09:37 | INFO | M02 | shell=powershell
2026-07-06 18:09:37 | INFO | M02 | cwd=notebooks
2026-07-06 18:09:37 | INFO | M02 | github_actions=False
2026-07-06 18:09:37 | INFO | M02 | Confirming installation:
2026-07-06 18:09:37 | INFO | M02 |   python:       3.14.2
2026-07-06 18:09:37 | INFO | M02 |   pandas:       3.0.3
2026-07-06 18:09:37 | INFO | M02 |   numpy:        2.5.1
2026-07-06 18:09:37 | INFO | M02 |   scikit-learn: 1.9.0
2026-07-06 18:09:37 | INFO | M02 |   seaborn:      0.13.2
2026-07-06 18:09:37 | INFO | M02 |   matplotlib:   3.11.0
2026-07-06 18:09:37 | INFO | M02 | Loading dataset: penguins
2026-07-06 18:09:37 | INFO | M02 | Loaded: 344 rows (instances), 7 columns
2026-07-06 18:09:37 | INFO | M02 | The intended target is 'body_mass_g'.
2026-07-06 18:09:37 | INFO | M02 | Any feature derived FROM the target would leak the answer. Avoid those.
2026-07-06 18:09:37 | INFO | M02 | Per-column completeness and type:
2026-07-06 18:09:37 | INFO | M02 |   species              str        present=100.0%  missing=0
2026-07-06 18:09:37 | INFO | M02 |   island               str        present=100.0%  missing=0
2026-07-06 18:09:37 | INFO | M02 |   bill_length_mm       float64    present= 99.4%  missing=2
2026-07-06 18:09:37 | INFO | M02 |   bill_depth_mm        float64    present= 99.4%  missing=2
2026-07-06 18:09:37 | INFO | M02 |   flipper_length_mm    float64    present= 99.4%  missing=2
2026-07-06 18:09:37 | INFO | M02 |   body_mass_g          float64    present= 99.4%  missing=2
2026-07-06 18:09:37 | INFO | M02 |   sex                  str        present= 96.8%  missing=11
2026-07-06 18:09:37 | INFO | M02 | Numeric summary (for spread / outliers):
2026-07-06 18:09:37 | DEBUG | M02 |
       bill_length_mm  bill_depth_mm  flipper_length_mm  body_mass_g
count      342.000000     342.000000         342.000000   342.000000
mean        43.921930      17.151170         200.915205  4201.754386
std          5.459584       1.974793          14.061714   801.954536
min         32.100000      13.100000         172.000000  2700.000000
25%         39.225000      15.600000         190.000000  3550.000000
50%         44.450000      17.300000         197.000000  4050.000000
75%         48.500000      18.700000         213.000000  4750.000000
max         59.600000      21.500000         231.000000  6300.000000
2026-07-06 18:09:37 | INFO | M02 | Constructing features (vectorized, none are derived from the target)
2026-07-06 18:09:37 | INFO | M02 | Added features: ['bill_ratio', 'flipper_cm', 'size_class']
2026-07-06 18:09:37 | DEBUG | M02 | Sample of constructed features:
2026-07-06 18:09:37 | DEBUG | M02 |
   flipper_length_mm  bill_ratio  flipper_cm size_class
0              181.0    2.090909        18.1      small
1              186.0    2.270115        18.6      small
2              195.0    2.238889        19.5     medium
3                NaN         NaN         NaN        NaN
4              193.0    1.901554        19.3     medium
2026-07-06 18:09:37 | INFO | M02 | ========================
2026-07-06 18:09:37 | INFO | M02 | SUMMARY
2026-07-06 18:09:37 | INFO | M02 | ========================
2026-07-06 18:09:37 | INFO | M02 | Dataset:          penguins
2026-07-06 18:09:37 | INFO | M02 | Original columns: 7
2026-07-06 18:09:37 | INFO | M02 | After features:   10
2026-07-06 18:09:37 | INFO | M02 | Intended target:  body_mass_g
2026-07-06 18:09:37 | INFO | M02 | ========================
2026-07-06 18:10:28 | INFO | M02 | === RUN START ===
2026-07-06 18:10:28 | INFO | M02 | project=M02
2026-07-06 18:10:28 | INFO | M02 | repo_dir=ml-02-features
2026-07-06 18:10:28 | INFO | M02 | python=3.14.2
2026-07-06 18:10:28 | INFO | M02 | os=Windows 11
2026-07-06 18:10:28 | INFO | M02 | shell=powershell
2026-07-06 18:10:28 | INFO | M02 | cwd=notebooks
2026-07-06 18:10:28 | INFO | M02 | github_actions=False
2026-07-06 18:10:28 | INFO | M02 | Confirming installation:
2026-07-06 18:10:28 | INFO | M02 |   python:       3.14.2
2026-07-06 18:10:28 | INFO | M02 |   pandas:       3.0.3
2026-07-06 18:10:28 | INFO | M02 |   numpy:        2.5.1
2026-07-06 18:10:28 | INFO | M02 |   scikit-learn: 1.9.0
2026-07-06 18:10:28 | INFO | M02 |   seaborn:      0.13.2
2026-07-06 18:10:28 | INFO | M02 |   matplotlib:   3.11.0
2026-07-06 18:10:28 | INFO | M02 | Loading dataset: penguins
2026-07-06 18:10:28 | INFO | M02 | Loaded: 344 rows (instances), 7 columns
2026-07-06 18:10:28 | INFO | M02 | The intended target is 'body_mass_g'.
2026-07-06 18:10:28 | INFO | M02 | Any feature derived FROM the target would leak the answer. Avoid those.
2026-07-06 18:10:28 | INFO | M02 | Per-column completeness and type:
2026-07-06 18:10:28 | INFO | M02 |   species              str        present=100.0%  missing=0
2026-07-06 18:10:28 | INFO | M02 |   island               str        present=100.0%  missing=0
2026-07-06 18:10:28 | INFO | M02 |   bill_length_mm       float64    present= 99.4%  missing=2
2026-07-06 18:10:28 | INFO | M02 |   bill_depth_mm        float64    present= 99.4%  missing=2
2026-07-06 18:10:28 | INFO | M02 |   flipper_length_mm    float64    present= 99.4%  missing=2
2026-07-06 18:10:28 | INFO | M02 |   body_mass_g          float64    present= 99.4%  missing=2
2026-07-06 18:10:28 | INFO | M02 |   sex                  str        present= 96.8%  missing=11
2026-07-06 18:10:28 | INFO | M02 | Numeric summary (for spread / outliers):
2026-07-06 18:10:28 | DEBUG | M02 |
       bill_length_mm  bill_depth_mm  flipper_length_mm  body_mass_g
count      342.000000     342.000000         342.000000   342.000000
mean        43.921930      17.151170         200.915205  4201.754386
std          5.459584       1.974793          14.061714   801.954536
min         32.100000      13.100000         172.000000  2700.000000
25%         39.225000      15.600000         190.000000  3550.000000
50%         44.450000      17.300000         197.000000  4050.000000
75%         48.500000      18.700000         213.000000  4750.000000
max         59.600000      21.500000         231.000000  6300.000000
2026-07-06 18:10:28 | INFO | M02 | Constructing features (vectorized, none are derived from the target)
2026-07-06 18:10:28 | INFO | M02 | Added features: ['bill_ratio', 'flipper_cm', 'size_class']
2026-07-06 18:10:28 | DEBUG | M02 | Sample of constructed features:
2026-07-06 18:10:28 | DEBUG | M02 |
   flipper_length_mm  bill_ratio  flipper_cm size_class
0              181.0    2.090909        18.1      small
1              186.0    2.270115        18.6      small
2              195.0    2.238889        19.5     medium
3                NaN         NaN         NaN        NaN
4              193.0    1.901554        19.3     medium
2026-07-06 18:10:28 | INFO | M02 | ========================
2026-07-06 18:10:28 | INFO | M02 | SUMMARY
2026-07-06 18:10:28 | INFO | M02 | ========================
2026-07-06 18:10:28 | INFO | M02 | Dataset:          penguins
2026-07-06 18:10:28 | INFO | M02 | Original columns: 7
2026-07-06 18:10:28 | INFO | M02 | After features:   10
2026-07-06 18:10:28 | INFO | M02 | Intended target:  body_mass_g
2026-07-06 18:10:28 | INFO | M02 | ========================
2026-07-06 20:39:07 | INFO | M02 | === RUN START ===
2026-07-06 20:39:07 | INFO | M02 | project=M02
2026-07-06 20:39:07 | INFO | M02 | repo_dir=ml-02-features
2026-07-06 20:39:07 | INFO | M02 | python=3.14.2
2026-07-06 20:39:07 | INFO | M02 | os=Windows 11
2026-07-06 20:39:07 | INFO | M02 | shell=powershell
2026-07-06 20:39:07 | INFO | M02 | cwd=notebooks
2026-07-06 20:39:07 | INFO | M02 | github_actions=False
2026-07-06 20:39:07 | INFO | M02 | Confirming installation:
2026-07-06 20:39:07 | INFO | M02 |   python:       3.14.2
2026-07-06 20:39:07 | INFO | M02 |   pandas:       3.0.3
2026-07-06 20:39:07 | INFO | M02 |   numpy:        2.5.1
2026-07-06 20:39:07 | INFO | M02 |   scikit-learn: 1.9.0
2026-07-06 20:39:07 | INFO | M02 |   seaborn:      0.13.2
2026-07-06 20:39:07 | INFO | M02 |   matplotlib:   3.11.0
2026-07-06 20:39:07 | INFO | M02 | Loading dataset: penguins
2026-07-06 20:39:07 | INFO | M02 | Loaded: 344 rows (instances), 7 columns
2026-07-06 20:39:07 | INFO | M02 | The intended target is 'body_mass_g'.
2026-07-06 20:39:07 | INFO | M02 | Any feature derived FROM the target would leak the answer. Avoid those.
2026-07-06 20:39:07 | INFO | M02 | Per-column completeness and type:
2026-07-06 20:39:07 | INFO | M02 |   species              str        present=100.0%  missing=0
2026-07-06 20:39:07 | INFO | M02 |   island               str        present=100.0%  missing=0
2026-07-06 20:39:07 | INFO | M02 |   bill_length_mm       float64    present= 99.4%  missing=2
2026-07-06 20:39:07 | INFO | M02 |   bill_depth_mm        float64    present= 99.4%  missing=2
2026-07-06 20:39:07 | INFO | M02 |   flipper_length_mm    float64    present= 99.4%  missing=2
2026-07-06 20:39:07 | INFO | M02 |   body_mass_g          float64    present= 99.4%  missing=2
2026-07-06 20:39:07 | INFO | M02 |   sex                  str        present= 96.8%  missing=11
2026-07-06 20:39:07 | INFO | M02 | Numeric summary (for spread / outliers):
2026-07-06 20:39:07 | DEBUG | M02 |
       bill_length_mm  bill_depth_mm  flipper_length_mm  body_mass_g
count      342.000000     342.000000         342.000000   342.000000
mean        43.921930      17.151170         200.915205  4201.754386
std          5.459584       1.974793          14.061714   801.954536
min         32.100000      13.100000         172.000000  2700.000000
25%         39.225000      15.600000         190.000000  3550.000000
50%         44.450000      17.300000         197.000000  4050.000000
75%         48.500000      18.700000         213.000000  4750.000000
max         59.600000      21.500000         231.000000  6300.000000
2026-07-06 20:39:07 | INFO | M02 | Constructing features (vectorized, none are derived from the target)
2026-07-06 20:39:07 | INFO | M02 | Added features: ['bill_ratio', 'flipper_cm', 'size_class']
2026-07-06 20:39:07 | DEBUG | M02 | Sample of constructed features:
2026-07-06 20:39:07 | DEBUG | M02 |
   flipper_length_mm  bill_ratio  flipper_cm size_class
0              181.0    2.090909        18.1      small
1              186.0    2.270115        18.6      small
2              195.0    2.238889        19.5     medium
3                NaN         NaN         NaN        NaN
4              193.0    1.901554        19.3     medium
2026-07-06 20:39:07 | INFO | M02 | ========================
2026-07-06 20:39:07 | INFO | M02 | SUMMARY
2026-07-06 20:39:07 | INFO | M02 | ========================
2026-07-06 20:39:07 | INFO | M02 | Dataset:          penguins
2026-07-06 20:39:07 | INFO | M02 | Original columns: 7
2026-07-06 20:39:07 | INFO | M02 | After features:   10
2026-07-06 20:39:07 | INFO | M02 | Intended target:  body_mass_g
2026-07-06 20:39:07 | INFO | M02 | ========================
2026-07-06 20:42:37 | INFO | ML | === RUN START ===
2026-07-06 20:42:37 | INFO | ML | project=ML
2026-07-06 20:42:37 | INFO | ML | repo_dir=ml-02-features
2026-07-06 20:42:37 | INFO | ML | python=3.14.2
2026-07-06 20:42:37 | INFO | ML | os=Windows 11
2026-07-06 20:42:37 | INFO | ML | shell=powershell
2026-07-06 20:42:37 | INFO | ML | cwd=.
2026-07-06 20:42:37 | INFO | ML | github_actions=False
2026-07-06 20:42:37 | INFO | ML | === RUN START ===
2026-07-06 20:42:37 | INFO | ML | project=ML
2026-07-06 20:42:37 | INFO | ML | repo_dir=ml-02-features
2026-07-06 20:42:37 | INFO | ML | python=3.14.2
2026-07-06 20:42:37 | INFO | ML | os=Windows 11
2026-07-06 20:42:37 | INFO | ML | shell=powershell
2026-07-06 20:42:37 | INFO | ML | cwd=.
2026-07-06 20:42:37 | INFO | ML | github_actions=False
2026-07-06 20:42:37 | INFO | ML | ========================
2026-07-06 20:42:37 | INFO | ML | START main()
2026-07-06 20:42:37 | INFO | ML | ========================
2026-07-06 20:42:37 | INFO | ML | Load dataset..............
2026-07-06 20:42:37 | INFO | ML | Loading dataset: hours_scores_case
2026-07-06 20:42:37 | INFO | ML | Loaded: 10 rows, 6 columns
2026-07-06 20:42:37 | DEBUG | ML |
   hours_studied  practice_quizzes  attendance_pct  sleep_hours  prior_score  score
0            2.0                 1              72          6.0           58     62
1            3.5                 2              80          6.5           61     68
2            4.0                 3              85          7.0           64     72
3            5.0                 3              88          7.5           66     76
4            6.0                 4              90          7.0           70     81
2026-07-06 20:42:37 | INFO | ML | Inspect dataset...........
2026-07-06 20:42:37 | INFO | ML | Column names
2026-07-06 20:42:37 | DEBUG | ML | ['hours_studied', 'practice_quizzes', 'attendance_pct', 'sleep_hours', 'prior_score', 'score']
2026-07-06 20:42:37 | INFO | ML | DataFrame info
2026-07-06 20:42:37 | INFO | ML | Dataset shape: 10 rows, 6 columns
2026-07-06 20:42:37 | INFO | ML | Check data quality........
2026-07-06 20:42:37 | INFO | ML | Missing values by column
2026-07-06 20:42:37 | DEBUG | ML |
hours_studied       0
practice_quizzes    0
attendance_pct      0
sleep_hours         0
prior_score         0
score               0
dtype: int64
2026-07-06 20:42:37 | INFO | ML | Duplicate row count: 0
2026-07-06 20:42:37 | INFO | ML | Create clean view.........
2026-07-06 20:42:37 | INFO | ML | Creating clean modeling view
2026-07-06 20:42:37 | INFO | ML | Clean view: 10 rows, 6 columns
2026-07-06 20:42:37 | INFO | ML | Train supervised model....
2026-07-06 20:42:37 | INFO | ML | Training LinearRegression model
2026-07-06 20:42:37 | INFO | ML | Mean absolute error: 0.48
2026-07-06 20:42:37 | INFO | ML | R-squared: 1.00
2026-07-06 20:42:37 | INFO | ML | Predict one case..........
2026-07-06 20:42:37 | INFO | ML | Predicting one new case
2026-07-06 20:42:37 | INFO | ML | New case:
  `
2026-07-06 20:42:37 | INFO | ML | Create charts.............
2026-07-06 20:42:37 | INFO | ML | Creating chart: hours studied vs score
2026-07-06 20:42:38 | INFO | ML | Creating chart: model coefficients
2026-07-06 20:42:39 | INFO | ML | Got a figure Figure(900x500) and axes Axes(0.125,0.11;0.775x0.77) from plt.subplots().
2026-07-06 20:42:39 | INFO | ML | Summarize workflow........
2026-07-06 20:42:39 | INFO | ML | ========================
2026-07-06 20:42:39 | INFO | ML | SUMMARY
2026-07-06 20:42:39 | INFO | ML | ========================
2026-07-06 20:42:39 | INFO | ML | Dataset: hours_scores_case
2026-07-06 20:42:39 | INFO | ML | Original rows: 10
2026-07-06 20:42:39 | INFO | ML | Clean rows: 10
2026-07-06 20:42:39 | INFO | ML | Features: ['hours_studied', 'practice_quizzes', 'attendance_pct', 'sleep_hours', 'prior_score']
2026-07-06 20:42:39 | INFO | ML | Target: score
2026-07-06 20:42:39 | INFO | ML | ----- in a script, call plt.show() once at the end to display all charts -----
2026-07-06 20:42:39 | INFO | ML | ----- in a script, CLOSE the chart windows with the close button to CONTINUE -----
2026-07-06 22:13:44 | INFO | ML | Workflow complete
2026-07-06 22:13:44 | INFO | ML | IMPORTANT: This script creates chart windows.
2026-07-06 22:13:44 | INFO | ML | Close chart windows and terminate this process with CTRL+c as needed.
2026-07-06 22:13:44 | INFO | ML | ========================
2026-07-06 22:13:44 | INFO | ML | Executed successfully!
2026-07-06 22:13:44 | INFO | ML | ========================
2026-07-09 22:34:40 | INFO | ML | === RUN START ===
2026-07-09 22:34:40 | INFO | ML | project=ML
2026-07-09 22:34:40 | INFO | ML | repo_dir=ml-02-features
2026-07-09 22:34:40 | INFO | ML | python=3.14.2
2026-07-09 22:34:40 | INFO | ML | os=Windows 11
2026-07-09 22:34:40 | INFO | ML | shell=powershell
2026-07-09 22:34:40 | INFO | ML | cwd=.
2026-07-09 22:34:40 | INFO | ML | github_actions=False
2026-07-09 22:34:40 | INFO | ML | === RUN START ===
2026-07-09 22:34:40 | INFO | ML | project=ML
2026-07-09 22:34:40 | INFO | ML | repo_dir=ml-02-features
2026-07-09 22:34:40 | INFO | ML | python=3.14.2
2026-07-09 22:34:40 | INFO | ML | os=Windows 11
2026-07-09 22:34:40 | INFO | ML | shell=powershell
2026-07-09 22:34:40 | INFO | ML | cwd=.
2026-07-09 22:34:40 | INFO | ML | github_actions=False
2026-07-09 22:34:40 | INFO | ML | ========================
2026-07-09 22:34:40 | INFO | ML | START main()
2026-07-09 22:34:40 | INFO | ML | ========================
2026-07-09 22:34:40 | INFO | ML | Load dataset..............
2026-07-09 22:34:40 | INFO | ML | Loading dataset: Coffee_sales
2026-07-09 22:34:40 | INFO | ML | Loaded: 3547 rows, 11 columns
2026-07-09 22:34:40 | DEBUG | ML |
   hour_of_day cash_type  money    coffee_name Time_of_Day Weekday Month_name  Weekdaysort  Monthsort        Date  \
0           10      card   38.7          Latte     Morning     Fri        Mar            5          3  2024-03-01
1           12      card   38.7  Hot Chocolate   Afternoon     Fri        Mar            5          3  2024-03-01
2           12      card   38.7  Hot Chocolate   Afternoon     Fri        Mar            5          3  2024-03-01
3           13      card   28.9      Americano   Afternoon     Fri        Mar            5          3  2024-03-01
4           13      card   38.7          Latte   Afternoon     Fri        Mar            5          3  2024-03-01

              Time
0  10:15:50.520000
1  12:19:22.539000
2  12:20:18.089000
3  13:46:33.006000
4  13:48:14.626000
2026-07-09 22:34:40 | INFO | ML | Inspect dataset...........
2026-07-09 22:34:40 | INFO | ML | Column names
2026-07-09 22:34:40 | DEBUG | ML | ['hour_of_day', 'cash_type', 'money', 'coffee_name', 'Time_of_Day', 'Weekday', 'Month_name', 'Weekdaysort', 'Monthsort', 'Date', 'Time']
2026-07-09 22:34:40 | INFO | ML | DataFrame info
2026-07-09 22:34:40 | INFO | ML | Dataset shape: 3547 rows, 11 columns
2026-07-09 22:34:40 | INFO | ML | Check data quality........
2026-07-09 22:34:40 | INFO | ML | Missing values by column
2026-07-09 22:34:40 | DEBUG | ML |
hour_of_day    0
cash_type      0
money          0
coffee_name    0
Time_of_Day    0
Weekday        0
Month_name     0
Weekdaysort    0
Monthsort      0
Date           0
Time           0
dtype: int64
2026-07-09 22:34:40 | INFO | ML | Duplicate row count: 0
2026-07-09 22:34:40 | INFO | ML | Create clean view.........
2026-07-09 22:34:40 | INFO | ML | Creating clean modeling view
2026-07-09 22:34:40 | INFO | ML | Engineering new feature: daily revenue
2026-07-09 22:34:40 | INFO | ML | Clean view: 3547 rows, 5 columns
2026-07-09 22:34:40 | INFO | ML | Train supervised model....
2026-07-09 22:34:40 | INFO | ML | Training LinearRegression model
2026-07-09 22:34:41 | INFO | ML | Mean absolute error: 4.04
2026-07-09 22:34:41 | INFO | ML | R-squared: 0.03
2026-07-09 22:34:41 | INFO | ML | Predict one case..........
2026-07-09 22:34:41 | INFO | ML | Predicting one new case
2026-07-09 22:36:23 | INFO | ML | === RUN START ===
2026-07-09 22:36:23 | INFO | ML | project=ML
2026-07-09 22:36:23 | INFO | ML | repo_dir=ml-02-features
2026-07-09 22:36:23 | INFO | ML | python=3.14.2
2026-07-09 22:36:23 | INFO | ML | os=Windows 11
2026-07-09 22:36:23 | INFO | ML | shell=powershell
2026-07-09 22:36:23 | INFO | ML | cwd=.
2026-07-09 22:36:23 | INFO | ML | github_actions=False
2026-07-09 22:36:23 | INFO | ML | === RUN START ===
2026-07-09 22:36:23 | INFO | ML | project=ML
2026-07-09 22:36:23 | INFO | ML | repo_dir=ml-02-features
2026-07-09 22:36:23 | INFO | ML | python=3.14.2
2026-07-09 22:36:23 | INFO | ML | os=Windows 11
2026-07-09 22:36:23 | INFO | ML | shell=powershell
2026-07-09 22:36:23 | INFO | ML | cwd=.
2026-07-09 22:36:23 | INFO | ML | github_actions=False
2026-07-09 22:36:23 | INFO | ML | ========================
2026-07-09 22:36:23 | INFO | ML | START main()
2026-07-09 22:36:23 | INFO | ML | ========================
2026-07-09 22:36:23 | INFO | ML | Load dataset..............
2026-07-09 22:36:23 | INFO | ML | Loading dataset: Coffee_sales
2026-07-09 22:36:23 | INFO | ML | Loaded: 3547 rows, 11 columns
2026-07-09 22:36:23 | DEBUG | ML |
   hour_of_day cash_type  money    coffee_name Time_of_Day Weekday Month_name  Weekdaysort  Monthsort        Date  \
0           10      card   38.7          Latte     Morning     Fri        Mar            5          3  2024-03-01
1           12      card   38.7  Hot Chocolate   Afternoon     Fri        Mar            5          3  2024-03-01
2           12      card   38.7  Hot Chocolate   Afternoon     Fri        Mar            5          3  2024-03-01
3           13      card   28.9      Americano   Afternoon     Fri        Mar            5          3  2024-03-01
4           13      card   38.7          Latte   Afternoon     Fri        Mar            5          3  2024-03-01

              Time
0  10:15:50.520000
1  12:19:22.539000
2  12:20:18.089000
3  13:46:33.006000
4  13:48:14.626000
2026-07-09 22:36:23 | INFO | ML | Inspect dataset...........
2026-07-09 22:36:23 | INFO | ML | Column names
2026-07-09 22:36:23 | DEBUG | ML | ['hour_of_day', 'cash_type', 'money', 'coffee_name', 'Time_of_Day', 'Weekday', 'Month_name', 'Weekdaysort', 'Monthsort', 'Date', 'Time']
2026-07-09 22:36:23 | INFO | ML | DataFrame info
2026-07-09 22:36:23 | INFO | ML | Dataset shape: 3547 rows, 11 columns
2026-07-09 22:36:23 | INFO | ML | Check data quality........
2026-07-09 22:36:23 | INFO | ML | Missing values by column
2026-07-09 22:36:23 | DEBUG | ML |
hour_of_day    0
cash_type      0
money          0
coffee_name    0
Time_of_Day    0
Weekday        0
Month_name     0
Weekdaysort    0
Monthsort      0
Date           0
Time           0
dtype: int64
2026-07-09 22:36:23 | INFO | ML | Duplicate row count: 0
2026-07-09 22:36:23 | INFO | ML | Create clean view.........
2026-07-09 22:36:23 | INFO | ML | Creating clean modeling view
2026-07-09 22:36:23 | INFO | ML | Engineering new feature: daily revenue
2026-07-09 22:36:23 | INFO | ML | Clean view: 3547 rows, 5 columns
2026-07-09 22:36:23 | INFO | ML | Train supervised model....
2026-07-09 22:36:23 | INFO | ML | Training LinearRegression model
2026-07-09 22:36:23 | INFO | ML | Mean absolute error: 4.04
2026-07-09 22:36:23 | INFO | ML | R-squared: 0.03
2026-07-09 22:36:23 | INFO | ML | Predict one case..........
2026-07-09 22:36:23 | INFO | ML | Predicting one new case
2026-07-09 22:36:23 | INFO | ML | New case:
   hour_of_day  Weekdaysort  Monthsort  daily_revenue
0           10            5          3          450.0
2026-07-09 22:36:23 | INFO | ML | Predicted revenue: 30.78
2026-07-09 22:36:23 | INFO | ML | Create charts.............
2026-07-09 22:36:23 | INFO | ML | Creating chart: hours of day vs money
2026-07-09 22:36:25 | INFO | ML | Creating chart: model coefficients
2026-07-09 22:36:25 | INFO | ML | Summarize workflow........
2026-07-09 22:36:25 | INFO | ML | ========================
2026-07-09 22:36:25 | INFO | ML | SUMMARY
2026-07-09 22:36:25 | INFO | ML | ========================
2026-07-09 22:36:25 | INFO | ML | Dataset: Coffee_sales
2026-07-09 22:36:25 | INFO | ML | Original rows: 3547
2026-07-09 22:36:25 | INFO | ML | Clean rows: 3547
2026-07-09 22:36:25 | INFO | ML | Features: ['hour_of_day', 'Weekdaysort', 'Monthsort', 'daily_revenue']
2026-07-09 22:36:25 | INFO | ML | Target: money
2026-07-09 22:36:25 | INFO | ML | ----- in a script, call plt.show() once at the end to display all charts -----
2026-07-09 22:36:25 | INFO | ML | ----- in a script, CLOSE the chart windows with the close button to CONTINUE -----
2026-07-09 22:42:08 | INFO | ML | Workflow complete
2026-07-09 22:42:08 | INFO | ML | IMPORTANT: This script creates chart windows.
2026-07-09 22:42:08 | INFO | ML | Close chart windows and terminate this process with CTRL+c as needed.
2026-07-09 22:42:08 | INFO | ML | ========================
2026-07-09 22:42:08 | INFO | ML | Executed successfully!
2026-07-09 22:42:08 | INFO | ML | ========================
2026-07-09 22:56:03 | INFO | ML | === RUN START ===
2026-07-09 22:56:03 | INFO | ML | project=ML
2026-07-09 22:56:03 | INFO | ML | repo_dir=ml-02-features
2026-07-09 22:56:03 | INFO | ML | python=3.14.2
2026-07-09 22:56:03 | INFO | ML | os=Windows 11
2026-07-09 22:56:03 | INFO | ML | shell=powershell
2026-07-09 22:56:03 | INFO | ML | cwd=.
2026-07-09 22:56:03 | INFO | ML | github_actions=False
2026-07-09 22:56:03 | INFO | ML | === RUN START ===
2026-07-09 22:56:03 | INFO | ML | project=ML
2026-07-09 22:56:03 | INFO | ML | repo_dir=ml-02-features
2026-07-09 22:56:03 | INFO | ML | python=3.14.2
2026-07-09 22:56:03 | INFO | ML | os=Windows 11
2026-07-09 22:56:03 | INFO | ML | shell=powershell
2026-07-09 22:56:03 | INFO | ML | cwd=.
2026-07-09 22:56:03 | INFO | ML | github_actions=False
2026-07-09 22:56:03 | INFO | ML | ========================
2026-07-09 22:56:03 | INFO | ML | START main()
2026-07-09 22:56:03 | INFO | ML | ========================
2026-07-09 22:56:03 | INFO | ML | Load dataset..............
2026-07-09 22:56:03 | INFO | ML | Loading dataset: Coffee_sales
2026-07-09 22:56:03 | INFO | ML | Loaded: 3547 rows, 11 columns
2026-07-09 22:56:03 | DEBUG | ML |
   hour_of_day cash_type  money    coffee_name Time_of_Day Weekday Month_name  Weekdaysort  Monthsort        Date  \
0           10      card   38.7          Latte     Morning     Fri        Mar            5          3  2024-03-01
1           12      card   38.7  Hot Chocolate   Afternoon     Fri        Mar            5          3  2024-03-01
2           12      card   38.7  Hot Chocolate   Afternoon     Fri        Mar            5          3  2024-03-01
3           13      card   28.9      Americano   Afternoon     Fri        Mar            5          3  2024-03-01
4           13      card   38.7          Latte   Afternoon     Fri        Mar            5          3  2024-03-01

              Time
0  10:15:50.520000
1  12:19:22.539000
2  12:20:18.089000
3  13:46:33.006000
4  13:48:14.626000
2026-07-09 22:56:03 | INFO | ML | Inspect dataset...........
2026-07-09 22:56:03 | INFO | ML | Column names
2026-07-09 22:56:03 | DEBUG | ML | ['hour_of_day', 'cash_type', 'money', 'coffee_name', 'Time_of_Day', 'Weekday', 'Month_name', 'Weekdaysort', 'Monthsort', 'Date', 'Time']
2026-07-09 22:56:03 | INFO | ML | DataFrame info
2026-07-09 22:56:03 | INFO | ML | Dataset shape: 3547 rows, 11 columns
2026-07-09 22:56:03 | INFO | ML | Check data quality........
2026-07-09 22:56:03 | INFO | ML | Missing values by column
2026-07-09 22:56:03 | DEBUG | ML |
hour_of_day    0
cash_type      0
money          0
coffee_name    0
Time_of_Day    0
Weekday        0
Month_name     0
Weekdaysort    0
Monthsort      0
Date           0
Time           0
dtype: int64
2026-07-09 22:56:03 | INFO | ML | Duplicate row count: 0
2026-07-09 22:56:03 | INFO | ML | Create clean view.........
2026-07-09 22:56:03 | INFO | ML | Creating clean modeling view
2026-07-09 22:56:03 | INFO | ML | Engineering new feature: daily revenue
2026-07-09 22:56:03 | INFO | ML | Clean view: 3547 rows, 5 columns
2026-07-09 22:56:03 | INFO | ML | Train supervised model....
2026-07-09 22:56:03 | INFO | ML | Training LinearRegression model
2026-07-09 22:56:03 | INFO | ML | Mean absolute error: 4.04
2026-07-09 22:56:03 | INFO | ML | R-squared: 0.03
2026-07-09 22:56:03 | INFO | ML | Predict one case..........
2026-07-09 22:56:03 | INFO | ML | Predicting one new case
2026-07-09 22:56:03 | INFO | ML | New case:
   hour_of_day  Weekdaysort  Monthsort  daily_revenue
0           10            7         12         2000.0
2026-07-09 22:56:03 | INFO | ML | Predicted revenue: 29.81
2026-07-09 22:56:03 | INFO | ML | Create charts.............
2026-07-09 22:56:03 | INFO | ML | Creating chart: hours of day vs money
2026-07-09 22:56:03 | INFO | ML | Creating chart: model coefficients
2026-07-09 22:56:03 | INFO | ML | Summarize workflow........
2026-07-09 22:56:03 | INFO | ML | ========================
2026-07-09 22:56:03 | INFO | ML | SUMMARY
2026-07-09 22:56:03 | INFO | ML | ========================
2026-07-09 22:56:03 | INFO | ML | Dataset: Coffee_sales
2026-07-09 22:56:03 | INFO | ML | Original rows: 3547
2026-07-09 22:56:03 | INFO | ML | Clean rows: 3547
2026-07-09 22:56:03 | INFO | ML | Features: ['hour_of_day', 'Weekdaysort', 'Monthsort', 'daily_revenue']
2026-07-09 22:56:03 | INFO | ML | Target: money
2026-07-09 22:56:03 | INFO | ML | ----- in a script, call plt.show() once at the end to display all charts -----
2026-07-09 22:56:03 | INFO | ML | ----- in a script, CLOSE the chart windows with the close button to CONTINUE -----
2026-07-09 23:19:11 | INFO | ML | Workflow complete
2026-07-09 23:19:11 | INFO | ML | IMPORTANT: This script creates chart windows.
2026-07-09 23:19:11 | INFO | ML | Close chart windows and terminate this process with CTRL+c as needed.
2026-07-09 23:19:11 | INFO | ML | ========================
2026-07-09 23:19:11 | INFO | ML | Executed successfully!
2026-07-09 23:19:11 | INFO | ML | ========================
2026-07-09 23:22:12 | INFO | ML | === RUN START ===
2026-07-09 23:22:12 | INFO | ML | project=ML
2026-07-09 23:22:12 | INFO | ML | repo_dir=ml-02-features
2026-07-09 23:22:12 | INFO | ML | python=3.14.2
2026-07-09 23:22:12 | INFO | ML | os=Windows 11
2026-07-09 23:22:12 | INFO | ML | shell=powershell
2026-07-09 23:22:12 | INFO | ML | cwd=.
2026-07-09 23:22:12 | INFO | ML | github_actions=False
2026-07-09 23:22:12 | INFO | ML | === RUN START ===
2026-07-09 23:22:12 | INFO | ML | project=ML
2026-07-09 23:22:12 | INFO | ML | repo_dir=ml-02-features
2026-07-09 23:22:12 | INFO | ML | python=3.14.2
2026-07-09 23:22:12 | INFO | ML | os=Windows 11
2026-07-09 23:22:12 | INFO | ML | shell=powershell
2026-07-09 23:22:12 | INFO | ML | cwd=.
2026-07-09 23:22:12 | INFO | ML | github_actions=False
2026-07-09 23:22:12 | INFO | ML | ========================
2026-07-09 23:22:12 | INFO | ML | START main()
2026-07-09 23:22:12 | INFO | ML | ========================
2026-07-09 23:22:12 | INFO | ML | Load dataset..............
2026-07-09 23:22:12 | INFO | ML | Loading dataset: Coffee_sales
2026-07-09 23:22:12 | INFO | ML | Loaded: 3547 rows, 11 columns
2026-07-09 23:22:12 | DEBUG | ML | 
   hour_of_day cash_type  money    coffee_name Time_of_Day Weekday Month_name  Weekdaysort  Monthsort        Date  \
0           10      card   38.7          Latte     Morning     Fri        Mar            5          3  2024-03-01   
1           12      card   38.7  Hot Chocolate   Afternoon     Fri        Mar            5          3  2024-03-01   
2           12      card   38.7  Hot Chocolate   Afternoon     Fri        Mar            5          3  2024-03-01   
3           13      card   28.9      Americano   Afternoon     Fri        Mar            5          3  2024-03-01   
4           13      card   38.7          Latte   Afternoon     Fri        Mar            5          3  2024-03-01   

              Time  
0  10:15:50.520000  
1  12:19:22.539000  
2  12:20:18.089000  
3  13:46:33.006000  
4  13:48:14.626000  
2026-07-09 23:22:12 | INFO | ML | Inspect dataset...........
2026-07-09 23:22:12 | INFO | ML | Column names
2026-07-09 23:22:12 | DEBUG | ML | ['hour_of_day', 'cash_type', 'money', 'coffee_name', 'Time_of_Day', 'Weekday', 'Month_name', 'Weekdaysort', 'Monthsort', 'Date', 'Time']
2026-07-09 23:22:12 | INFO | ML | DataFrame info
2026-07-09 23:22:12 | INFO | ML | Dataset shape: 3547 rows, 11 columns
2026-07-09 23:22:12 | INFO | ML | Check data quality........
2026-07-09 23:22:12 | INFO | ML | Missing values by column
2026-07-09 23:22:12 | DEBUG | ML | 
hour_of_day    0
cash_type      0
money          0
coffee_name    0
Time_of_Day    0
Weekday        0
Month_name     0
Weekdaysort    0
Monthsort      0
Date           0
Time           0
dtype: int64
2026-07-09 23:22:12 | INFO | ML | Duplicate row count: 0
2026-07-09 23:22:12 | INFO | ML | Create clean view.........
2026-07-09 23:22:12 | INFO | ML | Creating clean modeling view
2026-07-09 23:22:12 | INFO | ML | Engineering new feature: daily revenue
2026-07-09 23:31:38 | INFO | ML | === RUN START ===
2026-07-09 23:31:38 | INFO | ML | project=ML
2026-07-09 23:31:38 | INFO | ML | repo_dir=ml-02-features
2026-07-09 23:31:38 | INFO | ML | python=3.14.2
2026-07-09 23:31:38 | INFO | ML | os=Windows 11
2026-07-09 23:31:38 | INFO | ML | shell=powershell
2026-07-09 23:31:38 | INFO | ML | cwd=.
2026-07-09 23:31:38 | INFO | ML | github_actions=False
2026-07-09 23:31:38 | INFO | ML | === RUN START ===
2026-07-09 23:31:38 | INFO | ML | project=ML
2026-07-09 23:31:38 | INFO | ML | repo_dir=ml-02-features
2026-07-09 23:31:38 | INFO | ML | python=3.14.2
2026-07-09 23:31:38 | INFO | ML | os=Windows 11
2026-07-09 23:31:38 | INFO | ML | shell=powershell
2026-07-09 23:31:38 | INFO | ML | cwd=.
2026-07-09 23:31:38 | INFO | ML | github_actions=False
2026-07-09 23:31:38 | INFO | ML | ========================
2026-07-09 23:31:38 | INFO | ML | START main()
2026-07-09 23:31:38 | INFO | ML | ========================
2026-07-09 23:31:38 | INFO | ML | Load dataset..............
2026-07-09 23:31:38 | INFO | ML | Loading dataset: Coffee_sales
2026-07-09 23:31:38 | INFO | ML | Loaded: 3547 rows, 11 columns
2026-07-09 23:31:38 | DEBUG | ML | 
   hour_of_day cash_type  money    coffee_name Time_of_Day Weekday Month_name  Weekdaysort  Monthsort        Date  \
0           10      card   38.7          Latte     Morning     Fri        Mar            5          3  2024-03-01   
1           12      card   38.7  Hot Chocolate   Afternoon     Fri        Mar            5          3  2024-03-01   
2           12      card   38.7  Hot Chocolate   Afternoon     Fri        Mar            5          3  2024-03-01   
3           13      card   28.9      Americano   Afternoon     Fri        Mar            5          3  2024-03-01   
4           13      card   38.7          Latte   Afternoon     Fri        Mar            5          3  2024-03-01   

              Time  
0  10:15:50.520000  
1  12:19:22.539000  
2  12:20:18.089000  
3  13:46:33.006000  
4  13:48:14.626000  
2026-07-09 23:31:38 | INFO | ML | Inspect dataset...........
2026-07-09 23:31:38 | INFO | ML | Column names
2026-07-09 23:31:38 | DEBUG | ML | ['hour_of_day', 'cash_type', 'money', 'coffee_name', 'Time_of_Day', 'Weekday', 'Month_name', 'Weekdaysort', 'Monthsort', 'Date', 'Time']
2026-07-09 23:31:38 | INFO | ML | DataFrame info
2026-07-09 23:31:38 | INFO | ML | Dataset shape: 3547 rows, 11 columns
2026-07-09 23:31:38 | INFO | ML | Check data quality........
2026-07-09 23:31:38 | INFO | ML | Missing values by column
2026-07-09 23:31:38 | DEBUG | ML | 
hour_of_day    0
cash_type      0
money          0
coffee_name    0
Time_of_Day    0
Weekday        0
Month_name     0
Weekdaysort    0
Monthsort      0
Date           0
Time           0
dtype: int64
2026-07-09 23:31:38 | INFO | ML | Duplicate row count: 0
2026-07-09 23:31:38 | INFO | ML | Create clean view.........
2026-07-09 23:31:38 | INFO | ML | Creating clean modeling view
2026-07-09 23:31:38 | INFO | ML | Engineering new feature: daily revenue
2026-07-09 23:31:38 | INFO | ML | Clean view: 3547 rows, 5 columns
2026-07-09 23:31:38 | INFO | ML | Train supervised model....
2026-07-09 23:31:38 | INFO | ML | Training LinearRegression model
2026-07-09 23:31:38 | INFO | ML | Mean absolute error: 0.70
2026-07-09 23:31:38 | INFO | ML | R-squared: 0.97
2026-07-09 23:31:38 | INFO | ML | Predict one case..........
2026-07-09 23:31:38 | INFO | ML | Predicting one new case
2026-07-09 23:31:38 | INFO | ML | New case:
   hour_of_day  Weekdaysort  Monthsort  daily_revenue
0           10            7         12         2000.0
2026-07-09 23:31:38 | INFO | ML | Predicted revenue: 63.61
2026-07-09 23:31:38 | INFO | ML | Create charts.............
2026-07-09 23:31:38 | INFO | ML | Creating chart: hours of day vs money
2026-07-09 23:31:39 | INFO | ML | Creating chart: model coefficients
2026-07-09 23:31:39 | INFO | ML | Summarize workflow........
2026-07-09 23:31:39 | INFO | ML | ========================
2026-07-09 23:31:39 | INFO | ML | SUMMARY
2026-07-09 23:31:39 | INFO | ML | ========================
2026-07-09 23:31:39 | INFO | ML | Dataset: Coffee_sales
2026-07-09 23:31:39 | INFO | ML | Original rows: 3547
2026-07-09 23:31:39 | INFO | ML | Clean rows: 3547
2026-07-09 23:31:39 | INFO | ML | Features: ['hour_of_day', 'Weekdaysort', 'Monthsort', 'daily_revenue']
2026-07-09 23:31:39 | INFO | ML | Target: drink_count
2026-07-09 23:31:39 | INFO | ML | ----- in a script, call plt.show() once at the end to display all charts -----
2026-07-09 23:31:39 | INFO | ML | ----- in a script, CLOSE the chart windows with the close button to CONTINUE -----
2026-07-09 23:36:14 | INFO | ML | Workflow complete
2026-07-09 23:36:14 | INFO | ML | IMPORTANT: This script creates chart windows.
2026-07-09 23:36:14 | INFO | ML | Close chart windows and terminate this process with CTRL+c as needed.
2026-07-09 23:36:14 | INFO | ML | ========================
2026-07-09 23:36:14 | INFO | ML | Executed successfully!
2026-07-09 23:36:14 | INFO | ML | ========================
2026-07-09 23:39:42 | INFO | ML | === RUN START ===
2026-07-09 23:39:42 | INFO | ML | project=ML
2026-07-09 23:39:42 | INFO | ML | repo_dir=ml-02-features
2026-07-09 23:39:42 | INFO | ML | python=3.14.2
2026-07-09 23:39:42 | INFO | ML | os=Windows 11
2026-07-09 23:39:42 | INFO | ML | shell=powershell
2026-07-09 23:39:42 | INFO | ML | cwd=.
2026-07-09 23:39:42 | INFO | ML | github_actions=False
2026-07-09 23:39:42 | INFO | ML | === RUN START ===
2026-07-09 23:39:42 | INFO | ML | project=ML
2026-07-09 23:39:42 | INFO | ML | repo_dir=ml-02-features
2026-07-09 23:39:42 | INFO | ML | python=3.14.2
2026-07-09 23:39:42 | INFO | ML | os=Windows 11
2026-07-09 23:39:42 | INFO | ML | shell=powershell
2026-07-09 23:39:42 | INFO | ML | cwd=.
2026-07-09 23:39:42 | INFO | ML | github_actions=False
2026-07-09 23:39:42 | INFO | ML | ========================
2026-07-09 23:39:42 | INFO | ML | START main()
2026-07-09 23:39:42 | INFO | ML | ========================
2026-07-09 23:39:42 | INFO | ML | Load dataset..............
2026-07-09 23:39:42 | INFO | ML | Loading dataset: Coffee_sales
2026-07-09 23:39:42 | INFO | ML | Loaded: 3547 rows, 11 columns
2026-07-09 23:39:42 | DEBUG | ML | 
   hour_of_day cash_type  money    coffee_name Time_of_Day Weekday Month_name  Weekdaysort  Monthsort        Date  \
0           10      card   38.7          Latte     Morning     Fri        Mar            5          3  2024-03-01   
1           12      card   38.7  Hot Chocolate   Afternoon     Fri        Mar            5          3  2024-03-01   
2           12      card   38.7  Hot Chocolate   Afternoon     Fri        Mar            5          3  2024-03-01   
3           13      card   28.9      Americano   Afternoon     Fri        Mar            5          3  2024-03-01   
4           13      card   38.7          Latte   Afternoon     Fri        Mar            5          3  2024-03-01   

              Time  
0  10:15:50.520000  
1  12:19:22.539000  
2  12:20:18.089000  
3  13:46:33.006000  
4  13:48:14.626000  
2026-07-09 23:39:42 | INFO | ML | Inspect dataset...........
2026-07-09 23:39:42 | INFO | ML | Column names
2026-07-09 23:39:42 | DEBUG | ML | ['hour_of_day', 'cash_type', 'money', 'coffee_name', 'Time_of_Day', 'Weekday', 'Month_name', 'Weekdaysort', 'Monthsort', 'Date', 'Time']
2026-07-09 23:39:42 | INFO | ML | DataFrame info
2026-07-09 23:39:42 | INFO | ML | Dataset shape: 3547 rows, 11 columns
2026-07-09 23:39:42 | INFO | ML | Check data quality........
2026-07-09 23:39:42 | INFO | ML | Missing values by column
2026-07-09 23:39:42 | DEBUG | ML | 
hour_of_day    0
cash_type      0
money          0
coffee_name    0
Time_of_Day    0
Weekday        0
Month_name     0
Weekdaysort    0
Monthsort      0
Date           0
Time           0
dtype: int64
2026-07-09 23:39:42 | INFO | ML | Duplicate row count: 0
2026-07-09 23:39:43 | INFO | ML | Create clean view.........
2026-07-09 23:39:43 | INFO | ML | Creating clean modeling view
2026-07-09 23:39:43 | INFO | ML | Engineering new feature: daily revenue
2026-07-09 23:39:43 | INFO | ML | Clean view: 3547 rows, 5 columns
2026-07-09 23:39:43 | INFO | ML | Train supervised model....
2026-07-09 23:39:43 | INFO | ML | Training LinearRegression model
2026-07-09 23:39:43 | INFO | ML | Mean absolute error: 0.70
2026-07-09 23:39:43 | INFO | ML | R-squared: 0.97
2026-07-09 23:39:43 | INFO | ML | Predict one case..........
2026-07-09 23:39:43 | INFO | ML | Predicting one new case
2026-07-09 23:39:43 | INFO | ML | New case:
   hour_of_day  Weekdaysort  Monthsort  daily_revenue
0           10            7         12         2000.0
2026-07-09 23:39:43 | INFO | ML | Predicted revenue: 63.61
2026-07-09 23:39:43 | INFO | ML | Create charts.............
2026-07-09 23:39:43 | INFO | ML | Creating chart: hours of day vs money
2026-07-09 23:39:43 | INFO | ML | Creating chart: model coefficients
2026-07-09 23:39:43 | INFO | ML | Summarize workflow........
2026-07-09 23:39:43 | INFO | ML | ========================
2026-07-09 23:39:43 | INFO | ML | SUMMARY
2026-07-09 23:39:43 | INFO | ML | ========================
2026-07-09 23:39:43 | INFO | ML | Dataset: Coffee_sales
2026-07-09 23:39:43 | INFO | ML | Original rows: 3547
2026-07-09 23:39:43 | INFO | ML | Clean rows: 3547
2026-07-09 23:39:43 | INFO | ML | Features: ['hour_of_day', 'Weekdaysort', 'Monthsort', 'daily_revenue']
2026-07-09 23:39:43 | INFO | ML | Target: drink_count
2026-07-09 23:39:43 | INFO | ML | ----- in a script, call plt.show() once at the end to display all charts -----
2026-07-09 23:39:43 | INFO | ML | ----- in a script, CLOSE the chart windows with the close button to CONTINUE -----
2026-07-09 23:40:19 | INFO | ML | Workflow complete
2026-07-09 23:40:19 | INFO | ML | IMPORTANT: This script creates chart windows.
2026-07-09 23:40:19 | INFO | ML | Close chart windows and terminate this process with CTRL+c as needed.
2026-07-09 23:40:19 | INFO | ML | ========================
2026-07-09 23:40:19 | INFO | ML | Executed successfully!
2026-07-09 23:40:19 | INFO | ML | ========================
2026-07-10 00:04:30 | INFO | ML | === RUN START ===
2026-07-10 00:04:30 | INFO | ML | project=ML
2026-07-10 00:04:30 | INFO | ML | repo_dir=ml-02-features
2026-07-10 00:04:30 | INFO | ML | python=3.14.2
2026-07-10 00:04:30 | INFO | ML | os=Windows 11
2026-07-10 00:04:30 | INFO | ML | shell=powershell
2026-07-10 00:04:30 | INFO | ML | cwd=.
2026-07-10 00:04:30 | INFO | ML | github_actions=False
2026-07-10 00:04:30 | INFO | ML | === RUN START ===
2026-07-10 00:04:30 | INFO | ML | project=ML
2026-07-10 00:04:30 | INFO | ML | repo_dir=ml-02-features
2026-07-10 00:04:30 | INFO | ML | python=3.14.2
2026-07-10 00:04:30 | INFO | ML | os=Windows 11
2026-07-10 00:04:30 | INFO | ML | shell=powershell
2026-07-10 00:04:30 | INFO | ML | cwd=.
2026-07-10 00:04:30 | INFO | ML | github_actions=False
2026-07-10 00:04:30 | INFO | ML | ========================
2026-07-10 00:04:30 | INFO | ML | START main()
2026-07-10 00:04:30 | INFO | ML | ========================
2026-07-10 00:04:30 | INFO | ML | Load dataset..............
2026-07-10 00:04:30 | INFO | ML | Loading dataset: Coffee_sales
2026-07-10 00:04:30 | INFO | ML | Loaded: 3547 rows, 11 columns
2026-07-10 00:04:30 | DEBUG | ML | 
   hour_of_day cash_type  money    coffee_name Time_of_Day Weekday Month_name  Weekdaysort  Monthsort        Date  \
0           10      card   38.7          Latte     Morning     Fri        Mar            5          3  2024-03-01   
1           12      card   38.7  Hot Chocolate   Afternoon     Fri        Mar            5          3  2024-03-01   
2           12      card   38.7  Hot Chocolate   Afternoon     Fri        Mar            5          3  2024-03-01   
3           13      card   28.9      Americano   Afternoon     Fri        Mar            5          3  2024-03-01   
4           13      card   38.7          Latte   Afternoon     Fri        Mar            5          3  2024-03-01   

              Time  
0  10:15:50.520000  
1  12:19:22.539000  
2  12:20:18.089000  
3  13:46:33.006000  
4  13:48:14.626000  
2026-07-10 00:04:30 | INFO | ML | Inspect dataset...........
2026-07-10 00:04:30 | INFO | ML | Column names
2026-07-10 00:04:30 | DEBUG | ML | ['hour_of_day', 'cash_type', 'money', 'coffee_name', 'Time_of_Day', 'Weekday', 'Month_name', 'Weekdaysort', 'Monthsort', 'Date', 'Time']
2026-07-10 00:04:30 | INFO | ML | DataFrame info
2026-07-10 00:04:30 | INFO | ML | Dataset shape: 3547 rows, 11 columns
2026-07-10 00:04:30 | INFO | ML | Check data quality........
2026-07-10 00:04:30 | INFO | ML | Missing values by column
2026-07-10 00:04:30 | DEBUG | ML | 
hour_of_day    0
cash_type      0
money          0
coffee_name    0
Time_of_Day    0
Weekday        0
Month_name     0
Weekdaysort    0
Monthsort      0
Date           0
Time           0
dtype: int64
2026-07-10 00:04:30 | INFO | ML | Duplicate row count: 0
2026-07-10 00:04:30 | INFO | ML | Create clean view.........
2026-07-10 00:04:30 | INFO | ML | Creating clean modeling view
2026-07-10 00:04:30 | INFO | ML | Engineering new feature: daily revenue
2026-07-10 00:04:30 | INFO | ML | Clean view: 3547 rows, 5 columns
2026-07-10 00:04:30 | INFO | ML | Train supervised model....
2026-07-10 00:04:30 | INFO | ML | Training LinearRegression model
2026-07-10 00:04:30 | INFO | ML | Mean absolute error: 0.70
2026-07-10 00:04:30 | INFO | ML | R-squared: 0.97
2026-07-10 00:04:30 | INFO | ML | Predict one case..........
2026-07-10 00:04:30 | INFO | ML | Predicting one new case
2026-07-10 00:04:30 | INFO | ML | New case:
   hour_of_day  Weekdaysort  Monthsort  daily_revenue
0           10            7         12         2000.0
2026-07-10 00:04:30 | INFO | ML | Predicted drink count: 64
2026-07-10 00:04:30 | INFO | ML | Create charts.............
2026-07-10 00:04:30 | INFO | ML | Creating chart: hours of day vs money
2026-07-10 00:04:30 | INFO | ML | Creating chart: model coefficients
2026-07-10 00:04:30 | INFO | ML | Summarize workflow........
2026-07-10 00:04:30 | INFO | ML | ========================
2026-07-10 00:04:30 | INFO | ML | SUMMARY
2026-07-10 00:04:30 | INFO | ML | ========================
2026-07-10 00:04:30 | INFO | ML | Dataset: Coffee_sales
2026-07-10 00:04:30 | INFO | ML | Original rows: 3547
2026-07-10 00:04:30 | INFO | ML | Clean rows: 3547
2026-07-10 00:04:30 | INFO | ML | Features: ['hour_of_day', 'Weekdaysort', 'Monthsort', 'daily_revenue']
2026-07-10 00:04:30 | INFO | ML | Target: drink_count
2026-07-10 00:04:30 | INFO | ML | ----- in a script, call plt.show() once at the end to display all charts -----
2026-07-10 00:04:30 | INFO | ML | ----- in a script, CLOSE the chart windows with the close button to CONTINUE -----
2026-07-10 00:04:37 | INFO | ML | Workflow complete
2026-07-10 00:04:37 | INFO | ML | IMPORTANT: This script creates chart windows.
2026-07-10 00:04:37 | INFO | ML | Close chart windows and terminate this process with CTRL+c as needed.
2026-07-10 00:04:37 | INFO | ML | ========================
2026-07-10 00:04:37 | INFO | ML | Executed successfully!
2026-07-10 00:04:37 | INFO | ML | ========================
